[INFO ] 2021-04-22 14:56:12,228 [main | c.o.g.Config] Using 'jar:file:/opt/graphdb/dist/lib/graphdb-application-common-9.3.3.jar!/com/ontotext/graphdb/logback.xml' as logback's configuration file for graphdb
[INFO ] 2021-04-22 14:56:12,694 [main | c.o.g.s.GraphDB] Starting GraphDB in workbench mode.
[INFO ] 2021-04-22 14:56:21,094 [main | c.o.g.Config] GraphDB Home directory: /opt/graphdb/home
[INFO ] 2021-04-22 14:56:21,098 [main | c.o.g.Config] GraphDB Config directory: /opt/graphdb/home/conf
[INFO ] 2021-04-22 14:56:21,104 [main | c.o.g.Config] GraphDB Data directory: /opt/graphdb/home/data
[INFO ] 2021-04-22 14:56:21,111 [main | c.o.g.Config] GraphDB Work directory: /opt/graphdb/home/work
[INFO ] 2021-04-22 14:56:21,119 [main | c.o.g.Config] GraphDB Logs directory: /opt/graphdb/home/logs
[INFO ] 2021-04-22 14:56:28,407 [main | c.o.g.s.GraphDB] Started GraphDB in workbench mode at port 7200.
[WARN ] 2021-04-22 14:56:28,707 [http-nio-7200-exec-2 | c.o.f.c.s.SemanticDataManagement] You have a non existing repository 'data' in the headers. Continuing anyways...
[WARN ] 2021-04-22 14:56:28,709 [http-nio-7200-exec-3 | c.o.f.c.s.SemanticDataManagement] You have a non existing repository 'data' in the headers. Continuing anyways...
[WARN ] 2021-04-22 14:56:28,739 [http-nio-7200-exec-4 | c.o.f.c.s.SemanticDataManagement] You have a non existing repository 'data' in the headers. Continuing anyways...
[WARN ] 2021-04-22 14:56:28,831 [http-nio-7200-exec-8 | c.o.f.c.s.SemanticDataManagement] You have a non existing repository 'data' in the headers. Continuing anyways...
[WARN ] 2021-04-22 14:56:29,659 [http-nio-7200-exec-9 | c.o.f.c.s.SemanticDataManagement] You have a non existing repository 'data' in the headers. Continuing anyways...
[WARN ] 2021-04-22 14:56:30,658 [http-nio-7200-exec-6 | c.o.f.c.s.SemanticDataManagement] You have a non existing repository 'data' in the headers. Continuing anyways...
[WARN ] 2021-04-22 14:56:31,652 [http-nio-7200-exec-2 | c.o.f.c.s.SemanticDataManagement] You have a non existing repository 'data' in the headers. Continuing anyways...
[WARN ] 2021-04-22 14:56:32,659 [http-nio-7200-exec-3 | c.o.f.c.s.SemanticDataManagement] You have a non existing repository 'data' in the headers. Continuing anyways...
[WARN ] 2021-04-22 14:56:33,660 [http-nio-7200-exec-7 | c.o.f.c.s.SemanticDataManagement] You have a non existing repository 'data' in the headers. Continuing anyways...
[WARN ] 2021-04-22 14:56:34,678 [http-nio-7200-exec-9 | c.o.f.c.s.SemanticDataManagement] You have a non existing repository 'data' in the headers. Continuing anyways...
[WARN ] 2021-04-22 14:56:35,669 [http-nio-7200-exec-6 | c.o.f.c.s.SemanticDataManagement] You have a non existing repository 'data' in the headers. Continuing anyways...
[WARN ] 2021-04-22 14:56:37,665 [http-nio-7200-exec-2 | c.o.f.c.s.SemanticDataManagement] You have a non existing repository 'data' in the headers. Continuing anyways...
[WARN ] 2021-04-22 14:56:39,671 [http-nio-7200-exec-3 | c.o.f.c.s.SemanticDataManagement] You have a non existing repository 'data' in the headers. Continuing anyways...
[WARN ] 2021-04-22 14:56:41,660 [http-nio-7200-exec-7 | c.o.f.c.s.SemanticDataManagement] You have a non existing repository 'data' in the headers. Continuing anyways...
[WARN ] 2021-04-22 14:56:43,672 [http-nio-7200-exec-9 | c.o.f.c.s.SemanticDataManagement] You have a non existing repository 'data' in the headers. Continuing anyways...
[WARN ] 2021-04-22 14:56:45,666 [http-nio-7200-exec-6 | c.o.f.c.s.SemanticDataManagement] You have a non existing repository 'data' in the headers. Continuing anyways...
[WARN ] 2021-04-22 14:56:47,670 [http-nio-7200-exec-2 | c.o.f.c.s.SemanticDataManagement] You have a non existing repository 'data' in the headers. Continuing anyways...
[WARN ] 2021-04-22 14:56:49,657 [http-nio-7200-exec-3 | c.o.f.c.s.SemanticDataManagement] You have a non existing repository 'data' in the headers. Continuing anyways...
[WARN ] 2021-04-22 14:56:51,666 [http-nio-7200-exec-7 | c.o.f.c.s.SemanticDataManagement] You have a non existing repository 'data' in the headers. Continuing anyways...
[WARN ] 2021-04-22 14:56:53,661 [http-nio-7200-exec-9 | c.o.f.c.s.SemanticDataManagement] You have a non existing repository 'data' in the headers. Continuing anyways...
[WARN ] 2021-04-22 14:56:55,684 [http-nio-7200-exec-1 | c.o.f.c.s.SemanticDataManagement] You have a non existing repository 'data' in the headers. Continuing anyways...
[WARN ] 2021-04-22 14:56:55,768 [http-nio-7200-exec-2 | c.o.f.c.s.SemanticDataManagement] You have a non existing repository 'data' in the headers. Continuing anyways...
[WARN ] 2021-04-22 14:56:57,660 [http-nio-7200-exec-3 | c.o.f.c.s.SemanticDataManagement] You have a non existing repository 'data' in the headers. Continuing anyways...
[WARN ] 2021-04-22 14:56:59,655 [http-nio-7200-exec-7 | c.o.f.c.s.SemanticDataManagement] You have a non existing repository 'data' in the headers. Continuing anyways...
[WARN ] 2021-04-22 14:57:01,663 [http-nio-7200-exec-9 | c.o.f.c.s.SemanticDataManagement] You have a non existing repository 'data' in the headers. Continuing anyways...
[WARN ] 2021-04-22 14:57:03,658 [http-nio-7200-exec-1 | c.o.f.c.s.SemanticDataManagement] You have a non existing repository 'data' in the headers. Continuing anyways...
[WARN ] 2021-04-22 14:57:05,656 [http-nio-7200-exec-2 | c.o.f.c.s.SemanticDataManagement] You have a non existing repository 'data' in the headers. Continuing anyways...
[WARN ] 2021-04-22 14:57:07,665 [http-nio-7200-exec-3 | c.o.f.c.s.SemanticDataManagement] You have a non existing repository 'data' in the headers. Continuing anyways...
[WARN ] 2021-04-22 14:57:09,654 [http-nio-7200-exec-7 | c.o.f.c.s.SemanticDataManagement] You have a non existing repository 'data' in the headers. Continuing anyways...
[WARN ] 2021-04-22 14:57:11,689 [http-nio-7200-exec-9 | c.o.f.c.s.SemanticDataManagement] You have a non existing repository 'data' in the headers. Continuing anyways...
[WARN ] 2021-04-22 14:57:13,668 [http-nio-7200-exec-1 | c.o.f.c.s.SemanticDataManagement] You have a non existing repository 'data' in the headers. Continuing anyways...
[WARN ] 2021-04-22 14:57:15,669 [http-nio-7200-exec-2 | c.o.f.c.s.SemanticDataManagement] You have a non existing repository 'data' in the headers. Continuing anyways...
[WARN ] 2021-04-22 14:57:17,651 [http-nio-7200-exec-3 | c.o.f.c.s.SemanticDataManagement] You have a non existing repository 'data' in the headers. Continuing anyways...
[WARN ] 2021-04-22 14:57:19,680 [http-nio-7200-exec-8 | c.o.f.c.s.SemanticDataManagement] You have a non existing repository 'data' in the headers. Continuing anyways...
[WARN ] 2021-04-22 14:57:21,659 [http-nio-7200-exec-10 | c.o.f.c.s.SemanticDataManagement] You have a non existing repository 'data' in the headers. Continuing anyways...
[WARN ] 2021-04-22 14:57:23,672 [http-nio-7200-exec-6 | c.o.f.c.s.SemanticDataManagement] You have a non existing repository 'data' in the headers. Continuing anyways...
[WARN ] 2021-04-22 14:57:25,630 [http-nio-7200-exec-2 | c.o.f.c.s.SemanticDataManagement] You have a non existing repository 'data' in the headers. Continuing anyways...
[WARN ] 2021-04-22 14:57:27,652 [http-nio-7200-exec-3 | c.o.f.c.s.SemanticDataManagement] You have a non existing repository 'data' in the headers. Continuing anyways...
[WARN ] 2021-04-22 14:57:29,667 [http-nio-7200-exec-8 | c.o.f.c.s.SemanticDataManagement] You have a non existing repository 'data' in the headers. Continuing anyways...
[WARN ] 2021-04-22 14:57:31,660 [http-nio-7200-exec-10 | c.o.f.c.s.SemanticDataManagement] You have a non existing repository 'data' in the headers. Continuing anyways...
[WARN ] 2021-04-22 14:57:33,689 [http-nio-7200-exec-6 | c.o.f.c.s.SemanticDataManagement] You have a non existing repository 'data' in the headers. Continuing anyways...
[WARN ] 2021-04-22 14:57:35,627 [http-nio-7200-exec-2 | c.o.f.c.s.SemanticDataManagement] You have a non existing repository 'data' in the headers. Continuing anyways...
[WARN ] 2021-04-22 14:57:37,682 [http-nio-7200-exec-3 | c.o.f.c.s.SemanticDataManagement] You have a non existing repository 'data' in the headers. Continuing anyways...
[WARN ] 2021-04-22 14:57:39,673 [http-nio-7200-exec-7 | c.o.f.c.s.SemanticDataManagement] You have a non existing repository 'data' in the headers. Continuing anyways...
[WARN ] 2021-04-22 14:57:41,654 [http-nio-7200-exec-10 | c.o.f.c.s.SemanticDataManagement] You have a non existing repository 'data' in the headers. Continuing anyways...
[WARN ] 2021-04-22 14:57:43,665 [http-nio-7200-exec-1 | c.o.f.c.s.SemanticDataManagement] You have a non existing repository 'data' in the headers. Continuing anyways...
[WARN ] 2021-04-22 14:57:45,642 [http-nio-7200-exec-5 | c.o.f.c.s.SemanticDataManagement] You have a non existing repository 'data' in the headers. Continuing anyways...
[WARN ] 2021-04-22 14:57:47,668 [http-nio-7200-exec-3 | c.o.f.c.s.SemanticDataManagement] You have a non existing repository 'data' in the headers. Continuing anyways...
[WARN ] 2021-04-22 14:57:49,662 [http-nio-7200-exec-8 | c.o.f.c.s.SemanticDataManagement] You have a non existing repository 'data' in the headers. Continuing anyways...
[WARN ] 2021-04-22 14:57:51,679 [http-nio-7200-exec-10 | c.o.f.c.s.SemanticDataManagement] You have a non existing repository 'data' in the headers. Continuing anyways...
[WARN ] 2021-04-22 14:57:53,663 [http-nio-7200-exec-1 | c.o.f.c.s.SemanticDataManagement] You have a non existing repository 'data' in the headers. Continuing anyways...
[WARN ] 2021-04-22 14:57:55,670 [http-nio-7200-exec-2 | c.o.f.c.s.SemanticDataManagement] You have a non existing repository 'data' in the headers. Continuing anyways...
[WARN ] 2021-04-22 14:57:55,741 [http-nio-7200-exec-3 | c.o.f.c.s.SemanticDataManagement] You have a non existing repository 'data' in the headers. Continuing anyways...
[WARN ] 2021-04-22 14:57:57,655 [http-nio-7200-exec-8 | c.o.f.c.s.SemanticDataManagement] You have a non existing repository 'data' in the headers. Continuing anyways...
[WARN ] 2021-04-22 14:57:59,674 [http-nio-7200-exec-9 | c.o.f.c.s.SemanticDataManagement] You have a non existing repository 'data' in the headers. Continuing anyways...
[WARN ] 2021-04-22 14:58:01,651 [http-nio-7200-exec-1 | c.o.f.c.s.SemanticDataManagement] You have a non existing repository 'data' in the headers. Continuing anyways...
[WARN ] 2021-04-22 14:58:03,660 [http-nio-7200-exec-2 | c.o.f.c.s.SemanticDataManagement] You have a non existing repository 'data' in the headers. Continuing anyways...
[WARN ] 2021-04-22 14:58:05,661 [http-nio-7200-exec-3 | c.o.f.c.s.SemanticDataManagement] You have a non existing repository 'data' in the headers. Continuing anyways...
[WARN ] 2021-04-22 14:58:07,661 [http-nio-7200-exec-8 | c.o.f.c.s.SemanticDataManagement] You have a non existing repository 'data' in the headers. Continuing anyways...
[WARN ] 2021-04-22 14:58:09,666 [http-nio-7200-exec-10 | c.o.f.c.s.SemanticDataManagement] You have a non existing repository 'data' in the headers. Continuing anyways...
[WARN ] 2021-04-22 14:58:11,675 [http-nio-7200-exec-1 | c.o.f.c.s.SemanticDataManagement] You have a non existing repository 'data' in the headers. Continuing anyways...
[WARN ] 2021-04-22 14:58:13,679 [http-nio-7200-exec-5 | c.o.f.c.s.SemanticDataManagement] You have a non existing repository 'data' in the headers. Continuing anyways...
[WARN ] 2021-04-22 14:58:15,656 [http-nio-7200-exec-3 | c.o.f.c.s.SemanticDataManagement] You have a non existing repository 'data' in the headers. Continuing anyways...
[WARN ] 2021-04-22 14:58:17,655 [http-nio-7200-exec-8 | c.o.f.c.s.SemanticDataManagement] You have a non existing repository 'data' in the headers. Continuing anyways...
[WARN ] 2021-04-22 14:58:19,660 [http-nio-7200-exec-10 | c.o.f.c.s.SemanticDataManagement] You have a non existing repository 'data' in the headers. Continuing anyways...
[WARN ] 2021-04-22 14:58:21,654 [http-nio-7200-exec-1 | c.o.f.c.s.SemanticDataManagement] You have a non existing repository 'data' in the headers. Continuing anyways...
[WARN ] 2021-04-22 14:58:23,663 [http-nio-7200-exec-5 | c.o.f.c.s.SemanticDataManagement] You have a non existing repository 'data' in the headers. Continuing anyways...
[WARN ] 2021-04-22 14:58:25,661 [http-nio-7200-exec-3 | c.o.f.c.s.SemanticDataManagement] You have a non existing repository 'data' in the headers. Continuing anyways...
[WARN ] 2021-04-22 14:58:27,664 [http-nio-7200-exec-8 | c.o.f.c.s.SemanticDataManagement] You have a non existing repository 'data' in the headers. Continuing anyways...
[WARN ] 2021-04-22 14:58:29,684 [http-nio-7200-exec-10 | c.o.f.c.s.SemanticDataManagement] You have a non existing repository 'data' in the headers. Continuing anyways...
[WARN ] 2021-04-22 14:58:55,662 [http-nio-7200-exec-1 | c.o.f.c.s.SemanticDataManagement] You have a non existing repository 'data' in the headers. Continuing anyways...
[WARN ] 2021-04-22 14:58:55,739 [http-nio-7200-exec-5 | c.o.f.c.s.SemanticDataManagement] You have a non existing repository 'data' in the headers. Continuing anyways...
[WARN ] 2021-04-22 14:59:55,641 [http-nio-7200-exec-3 | c.o.f.c.s.SemanticDataManagement] You have a non existing repository 'data' in the headers. Continuing anyways...
[WARN ] 2021-04-22 14:59:55,660 [http-nio-7200-exec-8 | c.o.f.c.s.SemanticDataManagement] You have a non existing repository 'data' in the headers. Continuing anyways...
[WARN ] 2021-04-22 15:00:55,639 [http-nio-7200-exec-10 | c.o.f.c.s.SemanticDataManagement] You have a non existing repository 'data' in the headers. Continuing anyways...
[WARN ] 2021-04-22 15:00:55,653 [http-nio-7200-exec-1 | c.o.f.c.s.SemanticDataManagement] You have a non existing repository 'data' in the headers. Continuing anyways...
[WARN ] 2021-04-22 15:01:55,662 [http-nio-7200-exec-5 | c.o.f.c.s.SemanticDataManagement] You have a non existing repository 'data' in the headers. Continuing anyways...
[WARN ] 2021-04-22 15:01:55,735 [http-nio-7200-exec-4 | c.o.f.c.s.SemanticDataManagement] You have a non existing repository 'data' in the headers. Continuing anyways...
[WARN ] 2021-04-22 15:02:11,948 [http-nio-7200-exec-7 | c.o.f.c.s.SemanticDataManagement] You have a non existing repository 'data' in the headers. Continuing anyways...
[WARN ] 2021-04-22 15:02:12,172 [http-nio-7200-exec-10 | c.o.f.c.s.SemanticDataManagement] You have a non existing repository 'data' in the headers. Continuing anyways...
[WARN ] 2021-04-22 15:02:14,126 [http-nio-7200-exec-9 | c.o.f.c.s.SemanticDataManagement] You have a non existing repository 'data' in the headers. Continuing anyways...
[INFO ] 2021-04-22 15:02:15,480 [repositories/data | c.o.f.s.GraphDBProtocolExceptionResolver] Client sent bad request ( 404)
org.eclipse.rdf4j.http.server.ClientHTTPException: Unknown repository: data
	at org.eclipse.rdf4j.http.server.repository.RepositoryInterceptor.setRequestAttributes(RepositoryInterceptor.java:107)
	at org.eclipse.rdf4j.http.server.ServerInterceptor.preHandle(ServerInterceptor.java:32)
	at org.eclipse.rdf4j.http.server.repository.RepositoryInterceptor.preHandle(RepositoryInterceptor.java:82)
	at com.ontotext.forest.sesame.ForestRepositoryInterceptor.preHandle(ForestRepositoryInterceptor.java:31)
	at com.ontotext.forest.sesame.ForestRepositoryInterceptor$$FastClassBySpringCGLIB$$d99bcd9f.invoke(<generated>)
	at org.springframework.cglib.proxy.MethodProxy.invoke(MethodProxy.java:218)
	at org.springframework.aop.framework.CglibAopProxy$CglibMethodInvocation.invokeJoinpoint(CglibAopProxy.java:752)
	at org.springframework.aop.framework.ReflectiveMethodInvocation.proceed(ReflectiveMethodInvocation.java:163)
	at org.springframework.aop.support.DelegatingIntroductionInterceptor.doProceed(DelegatingIntroductionInterceptor.java:136)
	at org.springframework.aop.support.DelegatingIntroductionInterceptor.invoke(DelegatingIntroductionInterceptor.java:124)
	at org.springframework.aop.framework.ReflectiveMethodInvocation.proceed(ReflectiveMethodInvocation.java:186)
	at org.springframework.aop.framework.CglibAopProxy$DynamicAdvisedInterceptor.intercept(CglibAopProxy.java:691)
	at com.ontotext.forest.sesame.ForestRepositoryInterceptor$$EnhancerBySpringCGLIB$$182e84f3.preHandle(<generated>)
	at org.springframework.web.servlet.HandlerExecutionChain.applyPreHandle(HandlerExecutionChain.java:137)
	at org.springframework.web.servlet.DispatcherServlet.doDispatch(DispatcherServlet.java:1035)
	at org.springframework.web.servlet.DispatcherServlet.doService(DispatcherServlet.java:943)
	at org.springframework.web.servlet.FrameworkServlet.processRequest(FrameworkServlet.java:1006)
	at org.springframework.web.servlet.FrameworkServlet.doGet(FrameworkServlet.java:898)
	at javax.servlet.http.HttpServlet.service(HttpServlet.java:634)
	at org.springframework.web.servlet.FrameworkServlet.service(FrameworkServlet.java:883)
	at javax.servlet.http.HttpServlet.service(HttpServlet.java:741)
	at org.apache.catalina.core.ApplicationFilterChain.internalDoFilter(ApplicationFilterChain.java:231)
	at org.apache.catalina.core.ApplicationFilterChain.doFilter(ApplicationFilterChain.java:166)
	at com.ontotext.forest.core.request.RequestFilter.doFilterInternal(RequestFilter.java:45)
	at org.springframework.web.filter.OncePerRequestFilter.doFilter(OncePerRequestFilter.java:119)
	at org.apache.catalina.core.ApplicationFilterChain.internalDoFilter(ApplicationFilterChain.java:193)
	at org.apache.catalina.core.ApplicationFilterChain.doFilter(ApplicationFilterChain.java:166)
	at org.springframework.web.filter.CharacterEncodingFilter.doFilterInternal(CharacterEncodingFilter.java:201)
	at org.springframework.web.filter.OncePerRequestFilter.doFilter(OncePerRequestFilter.java:119)
	at org.apache.catalina.core.ApplicationFilterChain.internalDoFilter(ApplicationFilterChain.java:193)
	at org.apache.catalina.core.ApplicationFilterChain.doFilter(ApplicationFilterChain.java:166)
	at com.github.ziplet.filter.compression.CompressingFilter.doFilter(CompressingFilter.java:263)
	at org.apache.catalina.core.ApplicationFilterChain.internalDoFilter(ApplicationFilterChain.java:193)
	at org.apache.catalina.core.ApplicationFilterChain.doFilter(ApplicationFilterChain.java:166)
	at com.ontotext.forest.security.AdminDelegatingFilterProxy.doFilter(AdminDelegatingFilterProxy.java:34)
	at org.springframework.web.filter.DelegatingFilterProxy.invokeDelegate(DelegatingFilterProxy.java:358)
	at org.springframework.web.filter.DelegatingFilterProxy.doFilter(DelegatingFilterProxy.java:271)
	at org.apache.catalina.core.ApplicationFilterChain.internalDoFilter(ApplicationFilterChain.java:193)
	at org.apache.catalina.core.ApplicationFilterChain.doFilter(ApplicationFilterChain.java:166)
	at org.apache.catalina.core.StandardWrapperValve.invoke(StandardWrapperValve.java:202)
	at org.apache.catalina.core.StandardContextValve.invoke(StandardContextValve.java:96)
	at org.apache.catalina.authenticator.AuthenticatorBase.invoke(AuthenticatorBase.java:541)
	at org.apache.catalina.core.StandardHostValve.invoke(StandardHostValve.java:139)
	at org.apache.catalina.valves.ErrorReportValve.invoke(ErrorReportValve.java:92)
	at org.apache.catalina.core.StandardEngineValve.invoke(StandardEngineValve.java:74)
	at org.apache.catalina.connector.CoyoteAdapter.service(CoyoteAdapter.java:343)
	at org.apache.coyote.http11.Http11Processor.service(Http11Processor.java:373)
	at org.apache.coyote.AbstractProcessorLight.process(AbstractProcessorLight.java:65)
	at org.apache.coyote.AbstractProtocol$ConnectionHandler.process(AbstractProtocol.java:868)
	at org.apache.tomcat.util.net.NioEndpoint$SocketProcessor.doRun(NioEndpoint.java:1590)
	at org.apache.tomcat.util.net.SocketProcessorBase.run(SocketProcessorBase.java:49)
	at java.util.concurrent.ThreadPoolExecutor.runWorker(ThreadPoolExecutor.java:1149)
	at java.util.concurrent.ThreadPoolExecutor$Worker.run(ThreadPoolExecutor.java:624)
	at org.apache.tomcat.util.threads.TaskThread$WrappingRunnable.run(TaskThread.java:61)
	at java.lang.Thread.run(Thread.java:748)
[WARN ] 2021-04-22 15:02:55,693 [http-nio-7200-exec-1 | c.o.f.c.s.SemanticDataManagement] You have a non existing repository 'data' in the headers. Continuing anyways...
[INFO ] 2021-04-22 15:03:55,109 [http-nio-7200-exec-8 | c.o.t.f.GraphDBFreeSchemaRepository] Version: 9.3, revision: -1949603761
[INFO ] 2021-04-22 15:03:55,110 [http-nio-7200-exec-8 | c.o.t.f.GraphDBFreeSchemaRepository] Build date: Mon Aug 03 12:50:55 GMT 2020
[INFO ] 2021-04-22 15:03:55,129 [http-nio-7200-exec-8 | c.o.t.f.GraphDBFreeSchemaRepository] Started repository head_neck in READ/WRITE mode.
[INFO ] 2021-04-22 15:03:55,130 [http-nio-7200-exec-8 | c.o.c.AbstractParameter] Configured parameter 'partialRDFS' to default value 'false'
[INFO ] 2021-04-22 15:03:55,130 [http-nio-7200-exec-8 | c.o.c.AbstractParameter] Configured parameter 'transaction-isolation' to default value 'true'
[INFO ] 2021-04-22 15:03:55,131 [http-nio-7200-exec-8 | c.o.c.AbstractParameter] Configured parameter 'checkForValidPropertiesAndClasses' to default value 'false'
[INFO ] 2021-04-22 15:03:55,132 [http-nio-7200-exec-8 | c.o.c.AbstractParameter] Configured parameter 'transaction-mode' to default value 'safe'
[INFO ] 2021-04-22 15:03:55,133 [http-nio-7200-exec-8 | c.o.c.AbstractParameter] Configured parameter 'entity-pool-implementation' to default value 'transactional'
[INFO ] 2021-04-22 15:03:55,134 [http-nio-7200-exec-8 | c.o.c.AbstractParameter] Configured parameter 'useShutdownHooks' to default value 'true'
[INFO ] 2021-04-22 15:03:55,144 [http-nio-7200-exec-8 | c.o.GraphDBConfigParameters] Cache pages for tuples: 7829
[INFO ] 2021-04-22 15:03:55,145 [http-nio-7200-exec-8 | c.o.GraphDBConfigParameters] Cache pages for predicates: 1118
[INFO ] 2021-04-22 15:03:55,147 [http-nio-7200-exec-8 | c.o.c.AbstractParameter] Configured parameter 'graphdb.global.page.cache' to default value 'true'
[INFO ] 2021-04-22 15:03:55,162 [http-nio-7200-exec-8 | c.o.t.f.GraphDBFreeSchemaRepository] Storage folder do not exists and is created: /opt/graphdb/home/data/repositories/head_neck/storage
[INFO ] 2021-04-22 15:03:55,232 [http-nio-7200-exec-8 | c.o.c.AbstractParameter] Configured parameter 'graphdb.epool.onheap' to default value 'false'
[INFO ] 2021-04-22 15:03:55,233 [http-nio-7200-exec-8 | c.o.t.e.EntityPoolFactory] Using entity pool implementation: transactional-disk
[INFO ] 2021-04-22 15:03:55,237 [http-nio-7200-exec-8 | c.o.c.AbstractParameter] Configured parameter 'epool.connection.cache.size' to default value '2000'
[INFO ] 2021-04-22 15:03:55,267 [http-nio-7200-exec-8 | c.o.c.AbstractParameter] Configured parameter 'graphdb.epool.onheap' to default value 'false'
[INFO ] 2021-04-22 15:03:55,424 [http-nio-7200-exec-8 | c.o.c.AbstractParameter] Configured parameter 'enable-pool-reversecache' to default value 'true'
[WARN ] 2021-04-22 15:03:55,633 [http-nio-7200-exec-7 | c.o.f.c.s.SemanticDataManagement] You have a non existing repository 'data' in the headers. Continuing anyways...
[INFO ] 2021-04-22 15:03:55,791 [http-nio-7200-exec-8 | c.o.c.AbstractParameter] Configured parameter 'allow-system-entities-as-data' to default value 'false'
[INFO ] 2021-04-22 15:03:55,800 [http-nio-7200-exec-8 | c.o.t.u.l.LimitedObjectCacheFactory] Using LRU cache type: synch
[INFO ] 2021-04-22 15:03:55,824 [http-nio-7200-exec-8 | c.o.c.AbstractParameter] Configured parameter 'cache-ratio-so-os-cso-cos' to default value '[50, 50, 50]'
[INFO ] 2021-04-22 15:03:55,848 [http-nio-7200-exec-8 | c.o.c.AbstractParameter] Configured parameter 'graphdb.global.page.cache' to default value 'true'
[INFO ] 2021-04-22 15:03:55,864 [http-nio-7200-exec-8 | c.o.c.AbstractParameter] Configured parameter 'graphdb.page.cache.size' to default value '957.3M'
[INFO ] 2021-04-22 15:03:56,103 [http-nio-7200-exec-8 | c.o.c.AbstractParameter] Configured parameter 'virtual.repository.mode' to default value 'false'
[INFO ] 2021-04-22 15:03:56,151 [http-nio-7200-exec-8 | c.o.c.AbstractParameter] Configured parameter 'enable-debug-rules' to default value 'false'
[INFO ] 2021-04-22 15:03:56,201 [http-nio-7200-exec-8 | c.o.t.InferencerFactory] ruleSet=owl2-rl-optimized, partialRdfs=false
[INFO ] 2021-04-22 15:03:56,213 [http-nio-7200-exec-8 | c.o.c.AbstractParameter] Configured parameter 'filter.obj.only.hint' to default value 'true'
[INFO ] 2021-04-22 15:03:56,247 [http-nio-7200-exec-8 | c.o.c.AbstractParameter] Configured parameter 'epool.journal.buffer.size' to default value '1024'
[INFO ] 2021-04-22 15:03:56,312 [http-nio-7200-exec-8 | c.o.c.AbstractParameter] Configured parameter 'check.pred.stats' to default value 'false'
[INFO ] 2021-04-22 15:03:56,705 [http-nio-7200-exec-8 | c.o.c.AbstractParameter] Configured parameter 'disable-plugins' to default value '[]'
[INFO ] 2021-04-22 15:03:56,706 [http-nio-7200-exec-8 | c.o.c.AbstractParameter] Configured parameter 'skip-default-plugins' to default value 'false'
[INFO ] 2021-04-22 15:03:56,706 [http-nio-7200-exec-8 | c.o.t.f.GraphDBFreeSchemaRepository] Searching for plugins available in the classpath...
[INFO ] 2021-04-22 15:03:56,751 [http-nio-7200-exec-8 | c.o.t.s.i.PluginManager] Registering plugin direct
[INFO ] 2021-04-22 15:03:56,751 [http-nio-7200-exec-8 | c.o.t.s.i.PluginManager] Registering plugin notifications
[INFO ] 2021-04-22 15:03:56,752 [http-nio-7200-exec-8 | c.o.t.s.i.PluginManager] Registering plugin expose-entity
[INFO ] 2021-04-22 15:03:56,758 [http-nio-7200-exec-8 | c.o.t.s.i.PluginManager] Registering plugin literals-index
[INFO ] 2021-04-22 15:03:56,758 [http-nio-7200-exec-8 | c.o.t.s.i.PluginManager] Registering plugin script
[INFO ] 2021-04-22 15:03:56,759 [http-nio-7200-exec-8 | c.o.t.s.i.PluginManager] Registering plugin utils
[INFO ] 2021-04-22 15:03:56,762 [http-nio-7200-exec-8 | c.o.t.s.i.PluginManager] Registering plugin plugincontrol
[INFO ] 2021-04-22 15:03:56,763 [http-nio-7200-exec-8 | c.o.t.s.i.PluginManager] Registering plugin magic-predicates
[INFO ] 2021-04-22 15:03:56,764 [http-nio-7200-exec-8 | c.o.c.AbstractParameter] Configured parameter 'register-plugins' to default value '[]'
[INFO ] 2021-04-22 15:03:56,775 [http-nio-7200-exec-8 | c.o.GraphDBConfigParameters] Reading external plugins from /opt/graphdb/dist/lib/plugins
[INFO ] 2021-04-22 15:03:56,776 [http-nio-7200-exec-8 | c.o.c.AbstractParameter] Configured parameter 'register-external-plugins' to default value '[/opt/graphdb/dist/lib/plugins]'
[INFO ] 2021-04-22 15:03:56,777 [http-nio-7200-exec-8 | c.o.t.f.GraphDBFreeSchemaRepository] Registering external plugins...
[INFO ] 2021-04-22 15:03:56,782 [http-nio-7200-exec-8 | c.o.t.f.GraphDBFreeSchemaRepository] Scanning /opt/graphdb/dist/lib/plugins/history-plugin for plugins
[INFO ] 2021-04-22 15:03:56,799 [http-nio-7200-exec-8 | c.o.t.s.i.PluginManager] Registering plugin history
[INFO ] 2021-04-22 15:03:56,800 [http-nio-7200-exec-8 | c.o.t.f.GraphDBFreeSchemaRepository] Scanning /opt/graphdb/dist/lib/plugins/geosparql-plugin for plugins
[INFO ] 2021-04-22 15:03:56,838 [http-nio-7200-exec-8 | c.o.t.s.i.PluginManager] Registering plugin GeoSPARQL
[INFO ] 2021-04-22 15:03:56,839 [http-nio-7200-exec-8 | c.o.t.f.GraphDBFreeSchemaRepository] Scanning /opt/graphdb/dist/lib/plugins/notifications-logger-plugin for plugins
[INFO ] 2021-04-22 15:03:56,845 [http-nio-7200-exec-8 | c.o.t.s.i.PluginManager] Registering plugin notifications-logger
[INFO ] 2021-04-22 15:03:56,846 [http-nio-7200-exec-8 | c.o.t.f.GraphDBFreeSchemaRepository] Scanning /opt/graphdb/dist/lib/plugins/geospatial-plugin for plugins
[INFO ] 2021-04-22 15:03:56,931 [http-nio-7200-exec-8 | c.o.t.p.g.FunctionLoader] Registered 1 functions from package com.ontotext.trree.plugin.geo.
[INFO ] 2021-04-22 15:03:56,932 [http-nio-7200-exec-8 | c.o.t.s.i.PluginManager] Registering plugin geospatial
[INFO ] 2021-04-22 15:03:56,932 [http-nio-7200-exec-8 | c.o.t.f.GraphDBFreeSchemaRepository] Scanning /opt/graphdb/dist/lib/plugins/rdfrank-plugin for plugins
[INFO ] 2021-04-22 15:03:56,940 [http-nio-7200-exec-8 | c.o.t.s.i.PluginManager] Registering plugin rdfrank
[INFO ] 2021-04-22 15:03:56,940 [http-nio-7200-exec-8 | c.o.t.f.GraphDBFreeSchemaRepository] Scanning /opt/graphdb/dist/lib/plugins/similarity-plugin for plugins
[INFO ] 2021-04-22 15:03:56,959 [http-nio-7200-exec-8 | c.o.t.s.i.PluginManager] Registering plugin similarity
[INFO ] 2021-04-22 15:03:56,959 [http-nio-7200-exec-8 | c.o.t.f.GraphDBFreeSchemaRepository] Scanning /opt/graphdb/dist/lib/plugins/change-tracking-plugin for plugins
[INFO ] 2021-04-22 15:03:56,965 [http-nio-7200-exec-8 | c.o.t.s.i.PluginManager] Registering plugin change-tracking
[INFO ] 2021-04-22 15:03:56,966 [http-nio-7200-exec-8 | c.o.t.f.GraphDBFreeSchemaRepository] Scanning /opt/graphdb/dist/lib/plugins/lucene-fts-plugin for plugins
[INFO ] 2021-04-22 15:03:56,977 [http-nio-7200-exec-8 | c.o.t.s.i.PluginManager] Registering plugin lucene
[INFO ] 2021-04-22 15:03:56,977 [http-nio-7200-exec-8 | c.o.t.f.GraphDBFreeSchemaRepository] Scanning /opt/graphdb/dist/lib/plugins/lucene-connector for plugins
[INFO ] 2021-04-22 15:03:57,009 [http-nio-7200-exec-8 | c.o.t.s.i.PluginManager] Registering plugin lucene-connector
[INFO ] 2021-04-22 15:03:57,010 [http-nio-7200-exec-8 | c.o.t.f.GraphDBFreeSchemaRepository] Scanning /opt/graphdb/dist/lib/plugins/dependencies-plugin for plugins
[INFO ] 2021-04-22 15:03:57,016 [http-nio-7200-exec-8 | c.o.t.s.i.PluginManager] Registering plugin dependencies-plugin
[INFO ] 2021-04-22 15:03:57,017 [http-nio-7200-exec-8 | c.o.t.f.GraphDBFreeSchemaRepository] Scanning /opt/graphdb/dist/lib/plugins/autocomplete-plugin for plugins
[INFO ] 2021-04-22 15:03:57,026 [http-nio-7200-exec-8 | c.o.t.s.i.PluginManager] Registering plugin autocomplete
[INFO ] 2021-04-22 15:03:57,027 [http-nio-7200-exec-8 | c.o.t.f.GraphDBFreeSchemaRepository] Scanning /opt/graphdb/dist/lib/plugins/mongodb-plugin for plugins
[INFO ] 2021-04-22 15:03:57,036 [http-nio-7200-exec-8 | c.o.t.s.i.PluginManager] Registering plugin mongodb
[INFO ] 2021-04-22 15:03:57,036 [http-nio-7200-exec-8 | c.o.t.f.GraphDBFreeSchemaRepository] Scanning /opt/graphdb/dist/lib/plugins/proof-plugin for plugins
[INFO ] 2021-04-22 15:03:57,042 [http-nio-7200-exec-8 | c.o.t.s.i.PluginManager] Registering plugin proof
[INFO ] 2021-04-22 15:03:57,042 [http-nio-7200-exec-8 | c.o.t.f.GraphDBFreeSchemaRepository] Scanning /opt/graphdb/dist/lib/plugins/sparql-mm for plugins
[INFO ] 2021-04-22 15:03:57,046 [http-nio-7200-exec-8 | c.o.t.s.i.PluginManager] Registering plugin sparql-mm
[INFO ] 2021-04-22 15:03:57,047 [http-nio-7200-exec-8 | c.o.t.s.i.PluginManager] Initializing plugins... (DEFAULT)
[INFO ] 2021-04-22 15:03:57,050 [http-nio-7200-exec-8 | c.o.c.AbstractParameter] Configured parameter 'nonInterpretablePredicates' to default value 'null'
[INFO ] 2021-04-22 15:03:57,058 [http-nio-7200-exec-8 | c.o.t.s.i.PluginManager] Initializing plugin 'expose-entity'
[INFO ] 2021-04-22 15:03:57,061 [http-nio-7200-exec-8 | c.o.t.s.i.PluginManager] Initializing plugin 'autocomplete'
[INFO ] 2021-04-22 15:03:57,064 [http-nio-7200-exec-8 | c.o.t.p.a.AutocompletePluginUtils] >>>>>>>> AutocompletePlugin: No configuration file found at /opt/graphdb/home/data/repositories/head_neck/storage/autocomplete/v2/config.properties. Assuming default options for plugin.
[INFO ] 2021-04-22 15:03:57,069 [http-nio-7200-exec-8 | c.o.t.s.i.PluginManager] Initializing plugin 'direct'
[INFO ] 2021-04-22 15:03:57,071 [http-nio-7200-exec-8 | c.o.t.s.i.PluginManager] Initializing plugin 'lucene'
[INFO ] 2021-04-22 15:03:57,075 [http-nio-7200-exec-8 | c.o.p.lucene] No Lucene indices were found
[INFO ] 2021-04-22 15:03:57,075 [http-nio-7200-exec-8 | c.o.t.s.i.PluginManager] Initializing plugin 'plugincontrol'
[INFO ] 2021-04-22 15:03:57,081 [http-nio-7200-exec-8 | c.o.t.p.p.PluginControlPlugin] Plugin:plugincontrol initialized
[INFO ] 2021-04-22 15:03:57,082 [http-nio-7200-exec-8 | c.o.t.s.i.PluginManager] Initializing plugin 'history'
[INFO ] 2021-04-22 15:03:57,120 [http-nio-7200-exec-8 | c.o.t.s.i.PluginManager] Initializing plugin 'script'
[INFO ] 2021-04-22 15:03:57,124 [http-nio-7200-exec-8 | c.o.t.s.i.PluginManager] Initializing plugin 'notifications-logger'
[INFO ] 2021-04-22 15:03:57,125 [http-nio-7200-exec-8 | c.o.t.s.i.PluginManager] Initializing plugin 'magic-predicates'
[INFO ] 2021-04-22 15:03:57,126 [http-nio-7200-exec-8 | c.o.p.magic-predicates] Registering InverseMagicPredicate: http://spinrdf.org/spif#foreach
[INFO ] 2021-04-22 15:03:57,126 [http-nio-7200-exec-8 | c.o.p.magic-predicates] Registering TupleFunction: http://jena.hpl.hp.com/ARQ/list#length
[INFO ] 2021-04-22 15:03:57,127 [http-nio-7200-exec-8 | c.o.p.magic-predicates] Registering InverseMagicPredicate: http://jena.hpl.hp.com/ARQ/property#concat
[INFO ] 2021-04-22 15:03:57,128 [http-nio-7200-exec-8 | c.o.p.magic-predicates] Registering InverseMagicPredicate: http://spinrdf.org/spif#for
[INFO ] 2021-04-22 15:03:57,129 [http-nio-7200-exec-8 | c.o.p.magic-predicates] Registering InverseMagicPredicate: http://spinrdf.org/spif#split
[INFO ] 2021-04-22 15:03:57,130 [http-nio-7200-exec-8 | c.o.p.magic-predicates] Registering TupleFunction: http://jena.hpl.hp.com/ARQ/list#member
[INFO ] 2021-04-22 15:03:57,131 [http-nio-7200-exec-8 | c.o.p.magic-predicates] Registering TupleFunction: http://jena.hpl.hp.com/ARQ/list#index
[INFO ] 2021-04-22 15:03:57,132 [http-nio-7200-exec-8 | c.o.p.magic-predicates] Registering InverseMagicPredicate: http://jena.hpl.hp.com/ARQ/property#strSplit
[INFO ] 2021-04-22 15:03:57,133 [http-nio-7200-exec-8 | c.o.t.s.i.PluginManager] Initializing plugin 'literals-index'
[WARN ] 2021-04-22 15:03:57,183 [http-nio-7200-exec-8 | c.o.p.literals-index] Rebuilding literals indexes. Starting from id:1
[WARN ] 2021-04-22 15:03:57,240 [http-nio-7200-exec-8 | c.o.p.literals-index] Complete in 0.057, num entries indexed:2
[INFO ] 2021-04-22 15:03:57,241 [http-nio-7200-exec-8 | c.o.t.s.i.PluginManager] Initializing plugin 'geospatial'
[INFO ] 2021-04-22 15:03:57,243 [http-nio-7200-exec-8 | c.o.t.p.g.GeoSpatialPlugin] Plugin:geospatial initialized
[INFO ] 2021-04-22 15:03:57,244 [http-nio-7200-exec-8 | c.o.t.s.i.PluginManager] Initializing plugin 'sparql-mm'
[INFO ] 2021-04-22 15:03:57,266 [http-nio-7200-exec-8 | c.o.g.s.FunctionLoader] Registered 58 functions from package com.github.tkurz.sparqlmm.function.
[INFO ] 2021-04-22 15:03:57,268 [http-nio-7200-exec-8 | c.o.t.s.i.PluginManager] Initializing plugin 'dependencies-plugin'
[INFO ] 2021-04-22 15:03:57,272 [http-nio-7200-exec-8 | c.o.t.s.i.PluginManager] Initializing plugin 'utils'
[INFO ] 2021-04-22 15:03:57,564 [http-nio-7200-exec-8 | c.o.t.s.i.PluginManager] Initializing plugin 'similarity'
[INFO ] 2021-04-22 15:03:57,581 [http-nio-7200-exec-8 | c.o.t.s.i.PluginManager] Initializing plugin 'GeoSPARQL'
[INFO ] 2021-04-22 15:03:58,613 [http-nio-7200-exec-8 | c.o.t.g.FunctionLoader] Registered 50 functions from package com.useekm.geosparql.
[INFO ] 2021-04-22 15:03:58,617 [http-nio-7200-exec-8 | c.o.t.s.i.PluginManager] Initializing plugin 'lucene-connector'
[INFO ] 2021-04-22 15:03:58,639 [http-nio-7200-exec-8 | c.o.t.s.i.PluginManager] Initializing plugin 'change-tracking'
[INFO ] 2021-04-22 15:03:58,642 [http-nio-7200-exec-8 | c.o.t.s.i.PluginManager] Initializing plugin 'proof'
[INFO ] 2021-04-22 15:03:58,647 [http-nio-7200-exec-8 | c.o.t.s.i.PluginManager] Initializing plugin 'rdfrank'
[INFO ] 2021-04-22 15:03:58,663 [http-nio-7200-exec-8 | c.o.t.s.i.PluginManager] Initializing plugin 'mongodb'
[INFO ] 2021-04-22 15:03:58,667 [http-nio-7200-exec-8 | c.o.t.s.i.PluginManager] Initializing plugin 'notifications'
[INFO ] 2021-04-22 15:03:58,680 [http-nio-7200-exec-8 | c.o.t.s.i.PluginManager] Finished initializing plugins
[INFO ] 2021-04-22 15:03:58,683 [http-nio-7200-exec-8 | c.o.c.AbstractParameter] Configured parameter 'graphdb.page.cache.size' to default value '957.3M'
[INFO ] 2021-04-22 15:03:59,067 [http-nio-7200-exec-8 | c.o.c.AbstractParameter] Configured parameter 'do.resolve.entities' to default value 'true'
[INFO ] 2021-04-22 15:03:59,068 [http-nio-7200-exec-8 | c.o.c.AbstractParameter] Configured parameter 'do.load.data' to default value 'true'
[INFO ] 2021-04-22 15:03:59,068 [http-nio-7200-exec-8 | c.o.r.p.ParallelLoader] Data will be parsed + resolved + loaded.
[INFO ] 2021-04-22 15:03:59,068 [http-nio-7200-exec-8 | c.o.c.AbstractParameter] Configured parameter 'graphdb.persistent.parallel.inferencers' to default value 'false'
[INFO ] 2021-04-22 15:03:59,092 [http-nio-7200-exec-8 | c.o.r.p.ParallelLoader] Using 4 threads for inference
[WARN ] 2021-04-22 15:04:55,657 [http-nio-7200-exec-9 | c.o.f.c.s.SemanticDataManagement] You have a non existing repository 'data' in the headers. Continuing anyways...
[WARN ] 2021-04-22 15:05:55,627 [http-nio-7200-exec-5 | c.o.f.c.s.SemanticDataManagement] You have a non existing repository 'data' in the headers. Continuing anyways...
[WARN ] 2021-04-22 15:06:55,664 [http-nio-7200-exec-5 | c.o.f.c.s.SemanticDataManagement] You have a non existing repository 'data' in the headers. Continuing anyways...
[INFO ] 2021-04-22 15:07:05,957 [Thread-3 | c.o.g.s.GraphDB] Stopping GraphDB.
[INFO ] 2021-04-22 15:07:06,031 [Thread-3 | c.o.f.c.s.SemanticDataManagement] Shutting down current semantic location
